<?xml version="1.0" encoding="UTF-8"?>
<!-- Generated by org.testng.reporters.JUnitReportReporter -->
<testsuite hostname="DESKTOP-O9L4K3A" failures="0" tests="1" name="pac1Test.mvn_1_test" time="0.025" errors="0" timestamp="2025-07-03T14:49:04 IST" skipped="0">
  <testcase classname="pac1Test.mvn_1_test" name="getDataFromXmlUsingMavenTest" time="0.025"/>
</testsuite> <!-- pac1Test.mvn_1_test -->
